<tal:block tal:define="
    tabletitle string:Libvirt Virtual Machines;
    tableName string:libvirtsnmp_report;
    tm here/ZenTableManager;
    sts python:tm.setReqTableState;
    searchHost python:sts(tableName, 'searchHost', '');
    tableState python:tm.getTableState(tableName, sortedSence='desc', sortedHeader='outputP');
    objects python:here.ReportServer.plugin('LibvirtSNMP_plugin', tableState);
    objects python: (hasattr(request, 'doExport') and list(objects)) or objects;
    batch python:here.ZenTableManager.getBatch(tableName, objects, sortedHeader='deviceName', sortedSence='asc');
    exportFields python:['deviceName', 'guestName', 'guestUrl', 'guestCpuCount', 'guestMemory'];
    ">

<!-- Make the report exportable to CSV -->
<tal:block metal:use-macro="here/reportMacros/macros/exportableReport">
<tal:block metal:fill-slot="report">

<tal:block metal:use-macro="here/templates/macros/page1">
<tal:block metal:fill-slot="breadCrumbPane">
    <span metal:use-macro="here/miscmacros/macros/reportBreadCrumbsList"/>    
</tal:block>

<tal:block metal:fill-slot="contentPane">

<form method="POST" tal:attributes="action request/URL; name string:hostlist"
            tal:define="tabletitle string:LibvirtSNMP Hosts; showfilterbox python:True; tblcolspan string:3">

<tal:block metal:use-macro="here/zenuimacros/macros/zentable">
<tal:block metal:fill-slot="zentablecontents">
    <tr>
        <!-- Define Column Headers - Clickable for Sorting -->
        <th tal:replace="
            structure python:here.ZenTableManager.getTableHeader(
                tableName,'deviceName','Host Name')"/>

        <th tal:replace="
            structure python:here.ZenTableManager.getTableHeader(
                tableName,'guestName','Guest Name')"/>

        <th tal:replace="
            structure python:here.ZenTableManager.getTableHeader(
                tableName,'guestCpuCount','# CPU')"/>

        <th tal:replace="
            structure python:here.ZenTableManager.getTableHeader(
                tableName,'guestMemory','Current Memory')"/>
    </tr>


      <tal:block tal:repeat="r batch">
        <!-- Define Per-Row Display -->
        <tr tal:define="odd repeat/r/odd" tal:attributes="class python:test(odd,'odd','even')">
          <td class="tablevalues" align="left"> 
            <a tal:attributes="href python:r.device.getPrimaryUrlPath()"  tal:content="python:r.device.titleOrId()"/>
          </td> 
            <tal:if define="cond python:r.guestUrl != ''"> 
              <tal:then condition="cond"> 
                <td class="tablevalues" align="left">
                  <a tal:attributes="href r/guestUrl"  tal:content="r/guestName"/>
                </td> 
              </tal:then> 
              <tal:else condition="not: cond"> 
                <td tal:content="r/guestName"/>
              </tal:else> 
           </tal:if> 
           <td tal:content="r/guestCpuCount"/>
           <td tal:content="r/guestMemory"/>
        </tr>
    </tal:block>
    <tr>
        <!-- Update colspan to match your columns -->
        <td colspan="4" class="tableheader" align='center'>
        <form metal:use-macro="here/zenTableNavigation/macros/navtool"/>
        </td>
    </tr>
</tal:block>
</tal:block>
</form>

</tal:block>
</tal:block>
</tal:block>
</tal:block>
</tal:block>
